<?xml version="1.0" encoding="UTF-8"?>
<testsuite name="AnagramTest" tests="2" skipped="0" failures="0" errors="0" timestamp="2017-06-28T23:35:59" hostname="epicodus-8.local" time="0.002">
  <properties/>
  <testcase name="verifyLetters_True" classname="AnagramTest" time="0.002"/>
  <testcase name="verifyLength_True" classname="AnagramTest" time="0.0"/>
  <system-out><![CDATA[Not a match
Not a match
Not a match
Not a match
Not a match
Not a match
Not a match
Not a match
Not a match
Not a match
Not a match
Not a match
]]></system-out>
  <system-err><![CDATA[]]></system-err>
</testsuite>
